<?xml version="1.0" encoding="UTF-8"?>
<!-- Generated by org.testng.reporters.JUnitReportReporter -->
<testsuite hostname="INLTH5CG8528DCH" failures="0" tests="1" name="com.practice.testcases.LoginTestAutomationPractice" time="10.658" errors="0" timestamp="27 Jul 2021 09:02:39 GMT" skipped="0">
  <testcase classname="com.practice.testcases.LoginTestAutomationPractice" name="loginApp" time="10.658"/>
</testsuite> <!-- com.practice.testcases.LoginTestAutomationPractice -->
